<?xml version="1.0" encoding="UTF-8"?>
<testng-results ignored="0" total="1" passed="1" failed="0" skipped="0">
  <reporter-output>
  </reporter-output>
  <suite started-at="2019-07-19T17:25:09Z" name="Default suite" finished-at="2019-07-19T17:25:09Z" duration-ms="50">
    <groups>
    </groups>
    <test started-at="2019-07-19T17:25:09Z" name="Default test" finished-at="2019-07-19T17:25:09Z" duration-ms="50">
      <class name="strings.UnicodeofString">
        <test-method signature="test_01()[pri:0, instance:strings.UnicodeofString@22555ebf]" started-at="2019-07-19T17:25:09Z" name="test_01" finished-at="2019-07-19T17:25:09Z" duration-ms="15" status="PASS">
          <reporter-output>
          </reporter-output>
        </test-method> <!-- test_01 -->
      </class> <!-- strings.UnicodeofString -->
    </test> <!-- Default test -->
  </suite> <!-- Default suite -->
</testng-results>
